<?xml version="1.0" encoding="UTF-8"?>
<!-- Generated by org.testng.reporters.JUnitReportReporter -->
<testsuite hostname="mechcl3pc029" failures="0" tests="1" name="com.keywords.UIKeywords" time="9.385" errors="0" timestamp="2022-06-14T16:08:10 IST" skipped="0">
  <testcase classname="com.keywords.UIKeywords" name="launchURL" time="9.385"/>
  <system-out/>
</testsuite> <!-- com.keywords.UIKeywords -->
